#
# There is insufficient memory for the Java Runtime Environment to continue.
# Native memory allocation (malloc) failed to allocate 1065872 bytes. Error detail: Chunk::new
# Possible reasons:
#   The system is out of physical RAM or swap space
#   This process is running with CompressedOops enabled, and the Java Heap may be blocking the growth of the native heap
# Possible solutions:
#   Reduce memory load on the system
#   Increase physical memory or swap space
#   Check if swap backing store is full
#   Decrease Java heap size (-Xmx/-Xms)
#   Decrease number of Java threads
#   Decrease Java thread stack sizes (-Xss)
#   Set larger code cache with -XX:ReservedCodeCacheSize=
#   JVM is running with Zero Based Compressed Oops mode in which the Java heap is
#     placed in the first 32GB address space. The Java Heap base address is the
#     maximum limit for the native heap growth. Please use -XX:HeapBaseMinAddress
#     to set the Java Heap base and to place the Java Heap above 32GB virtual address.
# This output file may be truncated or incomplete.
#
#  Out of Memory Error (arena.cpp:168), pid=20712, tid=28244
#
# JRE version: OpenJDK Runtime Environment JBR-21.0.10+1-1163.108-jcef (21.0.10+1) (build 21.0.10+1-b1163.108)
# Java VM: OpenJDK 64-Bit Server VM JBR-21.0.10+1-1163.108-jcef (21.0.10+1-b1163.108, mixed mode, sharing, tiered, compressed oops, compressed class ptrs, g1 gc, windows-amd64)
# No core dump will be written. Minidumps are not enabled by default on client versions of Windows
#

---------------  S U M M A R Y ------------

Command Line: git4idea.http.GitAskPassApp Username for 'https://github.com': 

Host: 12th Gen Intel(R) Core(TM) i5-1235U, 12 cores, 15G,  Windows 11 , 64 bit Build 26100 (10.0.26100.8246)
Time: Sun May 10 02:23:44 2026 SE Asia Standard Time elapsed time: 2.487796 seconds (0d 0h 0m 2s)

---------------  T H R E A D  ---------------

Current thread (0x000001907d478100):  JavaThread "C2 CompilerThread1" daemon [_thread_in_native, id=28244, stack(0x000000310dd00000,0x000000310de00000) (1024K)]


Current CompileTask:
C2:2487 1094       4       sun.security.ec.ECOperations::setDouble (463 bytes)

Stack: [0x000000310dd00000,0x000000310de00000]
Native frames: (J=compiled Java code, j=interpreted, Vv=VM code, C=native code)
V  [jvm.dll+0x6ecf49]
V  [jvm.dll+0x8cbe73]
V  [jvm.dll+0x8ce49e]
V  [jvm.dll+0x8ceb83]
V  [jvm.dll+0x28b776]
V  [jvm.dll+0xc6f3d]
V  [jvm.dll+0xc7473]
V  [jvm.dll+0x3c865b]
V  [jvm.dll+0x1e79e4]
V  [jvm.dll+0x252864]
V  [jvm.dll+0x251ce1]
V  [jvm.dll+0x1ceea4]
V  [jvm.dll+0x26157e]
V  [jvm.dll+0x25fac6]
V  [jvm.dll+0x403a4e]
V  [jvm.dll+0x874d68]
V  [jvm.dll+0x6eb6cd]
C  [ucrtbase.dll+0x37b0]
C  [KERNEL32.DLL+0x2e8d7]
C  [ntdll.dll+0x8c3fc]


---------------  P R O C E S S  ---------------

Threads class SMR info:
_java_thread_list=0x000001907d432f70, length=16, elements={
0x000001905b7c5540, 0x0000019078b0f8e0, 0x0000019078b15d40, 0x0000019078b16a20,
0x0000019078b17ff0, 0x0000019078b18660, 0x0000019078b1b4e0, 0x0000019078b1ecb0,
0x0000019078b216f0, 0x0000019078b22e30, 0x000001907d129560, 0x000001907d3f4140,
0x000001907d417440, 0x000001907d466bf0, 0x000001907d478100, 0x000001907d4b3f20
}

Java Threads: ( => current thread )
  0x000001905b7c5540 JavaThread "main"                              [_thread_blocked, id=17152, stack(0x000000310c700000,0x000000310c800000) (1024K)]
  0x0000019078b0f8e0 JavaThread "Common-Cleaner"             daemon [_thread_blocked, id=27556, stack(0x000000310cf00000,0x000000310d000000) (1024K)]
  0x0000019078b15d40 JavaThread "Reference Handler"          daemon [_thread_blocked, id=25760, stack(0x000000310d000000,0x000000310d100000) (1024K)]
  0x0000019078b16a20 JavaThread "Finalizer"                  daemon [_thread_blocked, id=14772, stack(0x000000310d100000,0x000000310d200000) (1024K)]
  0x0000019078b17ff0 JavaThread "Signal Dispatcher"          daemon [_thread_blocked, id=21068, stack(0x000000310d200000,0x000000310d300000) (1024K)]
  0x0000019078b18660 JavaThread "Attach Listener"            daemon [_thread_blocked, id=3464, stack(0x000000310d300000,0x000000310d400000) (1024K)]
  0x0000019078b1b4e0 JavaThread "Service Thread"             daemon [_thread_blocked, id=18840, stack(0x000000310d400000,0x000000310d500000) (1024K)]
  0x0000019078b1ecb0 JavaThread "Monitor Deflation Thread"   daemon [_thread_blocked, id=26552, stack(0x000000310d500000,0x000000310d600000) (1024K)]
  0x0000019078b216f0 JavaThread "C2 CompilerThread0"         daemon [_thread_blocked, id=7540, stack(0x000000310d600000,0x000000310d700000) (1024K)]
  0x0000019078b22e30 JavaThread "C1 CompilerThread0"         daemon [_thread_blocked, id=5244, stack(0x000000310d700000,0x000000310d800000) (1024K)]
  0x000001907d129560 JavaThread "Notification Thread"        daemon [_thread_blocked, id=10740, stack(0x000000310d800000,0x000000310d900000) (1024K)]
  0x000001907d3f4140 JavaThread "HttpClient-1-SelectorManager" daemon [_thread_in_native, id=2844, stack(0x000000310d900000,0x000000310da00000) (1024K)]
  0x000001907d417440 JavaThread "HttpClient-1-Worker-0"      daemon [_thread_blocked, id=12744, stack(0x000000310db00000,0x000000310dc00000) (1024K)]
  0x000001907d466bf0 JavaThread "HttpClient-1-Worker-1"      daemon [_thread_blocked, id=6156, stack(0x000000310dc00000,0x000000310dd00000) (1024K)]
=>0x000001907d478100 JavaThread "C2 CompilerThread1"         daemon [_thread_in_native, id=28244, stack(0x000000310dd00000,0x000000310de00000) (1024K)]
  0x000001907d4b3f20 JavaThread "C2 CompilerThread2"         daemon [_thread_blocked, id=4392, stack(0x000000310de00000,0x000000310df00000) (1024K)]
Total: 16

Other Threads:
  0x0000019078aeeba0 VMThread "VM Thread"                           [id=17300, stack(0x000000310ce00000,0x000000310cf00000) (1024K)]
  0x0000019078adca60 WatcherThread "VM Periodic Task Thread"        [id=26740, stack(0x000000310cd00000,0x000000310ce00000) (1024K)]
  0x000001905daa18f0 WorkerThread "GC Thread#0"                     [id=23556, stack(0x000000310c800000,0x000000310c900000) (1024K)]
  0x000001905dab23f0 ConcurrentGCThread "G1 Main Marker"            [id=19060, stack(0x000000310c900000,0x000000310ca00000) (1024K)]
  0x000001905dab3f10 WorkerThread "G1 Conc#0"                       [id=12280, stack(0x000000310ca00000,0x000000310cb00000) (1024K)]
  0x00000190789ad9f0 ConcurrentGCThread "G1 Refine#0"               [id=27868, stack(0x000000310cb00000,0x000000310cc00000) (1024K)]
  0x00000190789ae320 ConcurrentGCThread "G1 Service"                [id=29008, stack(0x000000310cc00000,0x000000310cd00000) (1024K)]
Total: 7

Threads with active compile tasks:
C2 CompilerThread1  2530 1094       4       sun.security.ec.ECOperations::setDouble (463 bytes)
Total: 1

VM state: not at safepoint (normal execution)

VM Mutex/Monitor currently owned by a thread: None

Heap address: 0x0000000704e00000, size: 4018 MB, Compressed Oops mode: Zero based, Oop shift amount: 3

CDS archive(s) mapped at: [0x0000019000000000-0x0000019001c20000-0x0000019001c20000), size 29491200, SharedBaseAddress: 0x0000019000000000, ArchiveRelocationMode: 1.
Compressed class space mapped at: 0x0000019002000000-0x0000019042000000, reserved size: 1073741824
Narrow klass base: 0x0000019000000000, Narrow klass shift: 0, Narrow klass range: 0x100000000

GC Precious Log:
 CardTable entry size: 512
 Card Set container configuration: InlinePtr #cards 4 size 8 Array Of Cards #cards 16 size 48 Howl #buckets 8 coarsen threshold 3686 Howl Bitmap #cards 512 size 80 coarsen threshold 460 Card regions per heap region 1 cards per card region 4096
 CPUs: 12 total, 12 available
 Memory: 16069M
 Large Page Support: Disabled
 NUMA Support: Disabled
 Compressed Oops: Enabled (Zero based)
 Heap Region Size: 2M
 Heap Min Capacity: 8M
 Heap Initial Capacity: 252M
 Heap Max Capacity: 4018M
 Pre-touch: Disabled
 Parallel Workers: 10
 Concurrent Workers: 3
 Concurrent Refinement Workers: 10
 Periodic GC: Disabled

Heap:
 garbage-first heap   total 258048K, used 16384K [0x0000000704e00000, 0x0000000800000000)
  region size 2048K, 9 young (18432K), 0 survivors (0K)
 Metaspace       used 3489K, committed 3712K, reserved 1114112K
  class space    used 426K, committed 512K, reserved 1048576K

Heap Regions: E=young(eden), S=young(survivor), O=old, HS=humongous(starts), HC=humongous(continues), CS=collection set, F=free, TAMS=top-at-mark-start, PB=parsable bottom
|   0|0x0000000704e00000, 0x0000000704e00000, 0x0000000705000000|  0%| F|  |TAMS 0x0000000704e00000| PB 0x0000000704e00000| Untracked 
|   1|0x0000000705000000, 0x0000000705000000, 0x0000000705200000|  0%| F|  |TAMS 0x0000000705000000| PB 0x0000000705000000| Untracked 
|   2|0x0000000705200000, 0x0000000705200000, 0x0000000705400000|  0%| F|  |TAMS 0x0000000705200000| PB 0x0000000705200000| Untracked 
|   3|0x0000000705400000, 0x0000000705400000, 0x0000000705600000|  0%| F|  |TAMS 0x0000000705400000| PB 0x0000000705400000| Untracked 
|   4|0x0000000705600000, 0x0000000705600000, 0x0000000705800000|  0%| F|  |TAMS 0x0000000705600000| PB 0x0000000705600000| Untracked 
|   5|0x0000000705800000, 0x0000000705800000, 0x0000000705a00000|  0%| F|  |TAMS 0x0000000705800000| PB 0x0000000705800000| Untracked 
|   6|0x0000000705a00000, 0x0000000705a00000, 0x0000000705c00000|  0%| F|  |TAMS 0x0000000705a00000| PB 0x0000000705a00000| Untracked 
|   7|0x0000000705c00000, 0x0000000705c00000, 0x0000000705e00000|  0%| F|  |TAMS 0x0000000705c00000| PB 0x0000000705c00000| Untracked 
|   8|0x0000000705e00000, 0x0000000705e00000, 0x0000000706000000|  0%| F|  |TAMS 0x0000000705e00000| PB 0x0000000705e00000| Untracked 
|   9|0x0000000706000000, 0x0000000706000000, 0x0000000706200000|  0%| F|  |TAMS 0x0000000706000000| PB 0x0000000706000000| Untracked 
|  10|0x0000000706200000, 0x0000000706200000, 0x0000000706400000|  0%| F|  |TAMS 0x0000000706200000| PB 0x0000000706200000| Untracked 
|  11|0x0000000706400000, 0x0000000706400000, 0x0000000706600000|  0%| F|  |TAMS 0x0000000706400000| PB 0x0000000706400000| Untracked 
|  12|0x0000000706600000, 0x0000000706600000, 0x0000000706800000|  0%| F|  |TAMS 0x0000000706600000| PB 0x0000000706600000| Untracked 
|  13|0x0000000706800000, 0x0000000706800000, 0x0000000706a00000|  0%| F|  |TAMS 0x0000000706800000| PB 0x0000000706800000| Untracked 
|  14|0x0000000706a00000, 0x0000000706a00000, 0x0000000706c00000|  0%| F|  |TAMS 0x0000000706a00000| PB 0x0000000706a00000| Untracked 
|  15|0x0000000706c00000, 0x0000000706c00000, 0x0000000706e00000|  0%| F|  |TAMS 0x0000000706c00000| PB 0x0000000706c00000| Untracked 
|  16|0x0000000706e00000, 0x0000000706e00000, 0x0000000707000000|  0%| F|  |TAMS 0x0000000706e00000| PB 0x0000000706e00000| Untracked 
|  17|0x0000000707000000, 0x0000000707000000, 0x0000000707200000|  0%| F|  |TAMS 0x0000000707000000| PB 0x0000000707000000| Untracked 
|  18|0x0000000707200000, 0x0000000707200000, 0x0000000707400000|  0%| F|  |TAMS 0x0000000707200000| PB 0x0000000707200000| Untracked 
|  19|0x0000000707400000, 0x0000000707400000, 0x0000000707600000|  0%| F|  |TAMS 0x0000000707400000| PB 0x0000000707400000| Untracked 
|  20|0x0000000707600000, 0x0000000707600000, 0x0000000707800000|  0%| F|  |TAMS 0x0000000707600000| PB 0x0000000707600000| Untracked 
|  21|0x0000000707800000, 0x0000000707800000, 0x0000000707a00000|  0%| F|  |TAMS 0x0000000707800000| PB 0x0000000707800000| Untracked 
|  22|0x0000000707a00000, 0x0000000707a00000, 0x0000000707c00000|  0%| F|  |TAMS 0x0000000707a00000| PB 0x0000000707a00000| Untracked 
|  23|0x0000000707c00000, 0x0000000707c00000, 0x0000000707e00000|  0%| F|  |TAMS 0x0000000707c00000| PB 0x0000000707c00000| Untracked 
|  24|0x0000000707e00000, 0x0000000707e00000, 0x0000000708000000|  0%| F|  |TAMS 0x0000000707e00000| PB 0x0000000707e00000| Untracked 
|  25|0x0000000708000000, 0x0000000708000000, 0x0000000708200000|  0%| F|  |TAMS 0x0000000708000000| PB 0x0000000708000000| Untracked 
|  26|0x0000000708200000, 0x0000000708200000, 0x0000000708400000|  0%| F|  |TAMS 0x0000000708200000| PB 0x0000000708200000| Untracked 
|  27|0x0000000708400000, 0x0000000708400000, 0x0000000708600000|  0%| F|  |TAMS 0x0000000708400000| PB 0x0000000708400000| Untracked 
|  28|0x0000000708600000, 0x0000000708600000, 0x0000000708800000|  0%| F|  |TAMS 0x0000000708600000| PB 0x0000000708600000| Untracked 
|  29|0x0000000708800000, 0x0000000708800000, 0x0000000708a00000|  0%| F|  |TAMS 0x0000000708800000| PB 0x0000000708800000| Untracked 
|  30|0x0000000708a00000, 0x0000000708a00000, 0x0000000708c00000|  0%| F|  |TAMS 0x0000000708a00000| PB 0x0000000708a00000| Untracked 
|  31|0x0000000708c00000, 0x0000000708c00000, 0x0000000708e00000|  0%| F|  |TAMS 0x0000000708c00000| PB 0x0000000708c00000| Untracked 
|  32|0x0000000708e00000, 0x0000000708e00000, 0x0000000709000000|  0%| F|  |TAMS 0x0000000708e00000| PB 0x0000000708e00000| Untracked 
|  33|0x0000000709000000, 0x0000000709000000, 0x0000000709200000|  0%| F|  |TAMS 0x0000000709000000| PB 0x0000000709000000| Untracked 
|  34|0x0000000709200000, 0x0000000709200000, 0x0000000709400000|  0%| F|  |TAMS 0x0000000709200000| PB 0x0000000709200000| Untracked 
|  35|0x0000000709400000, 0x0000000709400000, 0x0000000709600000|  0%| F|  |TAMS 0x0000000709400000| PB 0x0000000709400000| Untracked 
|  36|0x0000000709600000, 0x0000000709600000, 0x0000000709800000|  0%| F|  |TAMS 0x0000000709600000| PB 0x0000000709600000| Untracked 
|  37|0x0000000709800000, 0x0000000709800000, 0x0000000709a00000|  0%| F|  |TAMS 0x0000000709800000| PB 0x0000000709800000| Untracked 
|  38|0x0000000709a00000, 0x0000000709a00000, 0x0000000709c00000|  0%| F|  |TAMS 0x0000000709a00000| PB 0x0000000709a00000| Untracked 
|  39|0x0000000709c00000, 0x0000000709c00000, 0x0000000709e00000|  0%| F|  |TAMS 0x0000000709c00000| PB 0x0000000709c00000| Untracked 
|  40|0x0000000709e00000, 0x0000000709e00000, 0x000000070a000000|  0%| F|  |TAMS 0x0000000709e00000| PB 0x0000000709e00000| Untracked 
|  41|0x000000070a000000, 0x000000070a000000, 0x000000070a200000|  0%| F|  |TAMS 0x000000070a000000| PB 0x000000070a000000| Untracked 
|  42|0x000000070a200000, 0x000000070a200000, 0x000000070a400000|  0%| F|  |TAMS 0x000000070a200000| PB 0x000000070a200000| Untracked 
|  43|0x000000070a400000, 0x000000070a400000, 0x000000070a600000|  0%| F|  |TAMS 0x000000070a400000| PB 0x000000070a400000| Untracked 
|  44|0x000000070a600000, 0x000000070a600000, 0x000000070a800000|  0%| F|  |TAMS 0x000000070a600000| PB 0x000000070a600000| Untracked 
|  45|0x000000070a800000, 0x000000070a800000, 0x000000070aa00000|  0%| F|  |TAMS 0x000000070a800000| PB 0x000000070a800000| Untracked 
|  46|0x000000070aa00000, 0x000000070aa00000, 0x000000070ac00000|  0%| F|  |TAMS 0x000000070aa00000| PB 0x000000070aa00000| Untracked 
|  47|0x000000070ac00000, 0x000000070ac00000, 0x000000070ae00000|  0%| F|  |TAMS 0x000000070ac00000| PB 0x000000070ac00000| Untracked 
|  48|0x000000070ae00000, 0x000000070ae00000, 0x000000070b000000|  0%| F|  |TAMS 0x000000070ae00000| PB 0x000000070ae00000| Untracked 
|  49|0x000000070b000000, 0x000000070b000000, 0x000000070b200000|  0%| F|  |TAMS 0x000000070b000000| PB 0x000000070b000000| Untracked 
|  50|0x000000070b200000, 0x000000070b200000, 0x000000070b400000|  0%| F|  |TAMS 0x000000070b200000| PB 0x000000070b200000| Untracked 
|  51|0x000000070b400000, 0x000000070b400000, 0x000000070b600000|  0%| F|  |TAMS 0x000000070b400000| PB 0x000000070b400000| Untracked 
|  52|0x000000070b600000, 0x000000070b600000, 0x000000070b800000|  0%| F|  |TAMS 0x000000070b600000| PB 0x000000070b600000| Untracked 
|  53|0x000000070b800000, 0x000000070b800000, 0x000000070ba00000|  0%| F|  |TAMS 0x000000070b800000| PB 0x000000070b800000| Untracked 
|  54|0x000000070ba00000, 0x000000070ba00000, 0x000000070bc00000|  0%| F|  |TAMS 0x000000070ba00000| PB 0x000000070ba00000| Untracked 
|  55|0x000000070bc00000, 0x000000070bc00000, 0x000000070be00000|  0%| F|  |TAMS 0x000000070bc00000| PB 0x000000070bc00000| Untracked 
|  56|0x000000070be00000, 0x000000070be00000, 0x000000070c000000|  0%| F|  |TAMS 0x000000070be00000| PB 0x000000070be00000| Untracked 
|  57|0x000000070c000000, 0x000000070c000000, 0x000000070c200000|  0%| F|  |TAMS 0x000000070c000000| PB 0x000000070c000000| Untracked 
|  58|0x000000070c200000, 0x000000070c200000, 0x000000070c400000|  0%| F|  |TAMS 0x000000070c200000| PB 0x000000070c200000| Untracked 
|  59|0x000000070c400000, 0x000000070c400000, 0x000000070c600000|  0%| F|  |TAMS 0x000000070c400000| PB 0x000000070c400000| Untracked 
|  60|0x000000070c600000, 0x000000070c600000, 0x000000070c800000|  0%| F|  |TAMS 0x000000070c600000| PB 0x000000070c600000| Untracked 
|  61|0x000000070c800000, 0x000000070c800000, 0x000000070ca00000|  0%| F|  |TAMS 0x000000070c800000| PB 0x000000070c800000| Untracked 
|  62|0x000000070ca00000, 0x000000070ca00000, 0x000000070cc00000|  0%| F|  |TAMS 0x000000070ca00000| PB 0x000000070ca00000| Untracked 
|  63|0x000000070cc00000, 0x000000070cc00000, 0x000000070ce00000|  0%| F|  |TAMS 0x000000070cc00000| PB 0x000000070cc00000| Untracked 
|  64|0x000000070ce00000, 0x000000070ce00000, 0x000000070d000000|  0%| F|  |TAMS 0x000000070ce00000| PB 0x000000070ce00000| Untracked 
|  65|0x000000070d000000, 0x000000070d000000, 0x000000070d200000|  0%| F|  |TAMS 0x000000070d000000| PB 0x000000070d000000| Untracked 
|  66|0x000000070d200000, 0x000000070d200000, 0x000000070d400000|  0%| F|  |TAMS 0x000000070d200000| PB 0x000000070d200000| Untracked 
|  67|0x000000070d400000, 0x000000070d400000, 0x000000070d600000|  0%| F|  |TAMS 0x000000070d400000| PB 0x000000070d400000| Untracked 
|  68|0x000000070d600000, 0x000000070d600000, 0x000000070d800000|  0%| F|  |TAMS 0x000000070d600000| PB 0x000000070d600000| Untracked 
|  69|0x000000070d800000, 0x000000070d800000, 0x000000070da00000|  0%| F|  |TAMS 0x000000070d800000| PB 0x000000070d800000| Untracked 
|  70|0x000000070da00000, 0x000000070da00000, 0x000000070dc00000|  0%| F|  |TAMS 0x000000070da00000| PB 0x000000070da00000| Untracked 
|  71|0x000000070dc00000, 0x000000070dc00000, 0x000000070de00000|  0%| F|  |TAMS 0x000000070dc00000| PB 0x000000070dc00000| Untracked 
|  72|0x000000070de00000, 0x000000070de00000, 0x000000070e000000|  0%| F|  |TAMS 0x000000070de00000| PB 0x000000070de00000| Untracked 
|  73|0x000000070e000000, 0x000000070e000000, 0x000000070e200000|  0%| F|  |TAMS 0x000000070e000000| PB 0x000000070e000000| Untracked 
|  74|0x000000070e200000, 0x000000070e200000, 0x000000070e400000|  0%| F|  |TAMS 0x000000070e200000| PB 0x000000070e200000| Untracked 
|  75|0x000000070e400000, 0x000000070e400000, 0x000000070e600000|  0%| F|  |TAMS 0x000000070e400000| PB 0x000000070e400000| Untracked 
|  76|0x000000070e600000, 0x000000070e600000, 0x000000070e800000|  0%| F|  |TAMS 0x000000070e600000| PB 0x000000070e600000| Untracked 
|  77|0x000000070e800000, 0x000000070e800000, 0x000000070ea00000|  0%| F|  |TAMS 0x000000070e800000| PB 0x000000070e800000| Untracked 
|  78|0x000000070ea00000, 0x000000070ea00000, 0x000000070ec00000|  0%| F|  |TAMS 0x000000070ea00000| PB 0x000000070ea00000| Untracked 
|  79|0x000000070ec00000, 0x000000070ec00000, 0x000000070ee00000|  0%| F|  |TAMS 0x000000070ec00000| PB 0x000000070ec00000| Untracked 
|  80|0x000000070ee00000, 0x000000070ee00000, 0x000000070f000000|  0%| F|  |TAMS 0x000000070ee00000| PB 0x000000070ee00000| Untracked 
|  81|0x000000070f000000, 0x000000070f000000, 0x000000070f200000|  0%| F|  |TAMS 0x000000070f000000| PB 0x000000070f000000| Untracked 
|  82|0x000000070f200000, 0x000000070f200000, 0x000000070f400000|  0%| F|  |TAMS 0x000000070f200000| PB 0x000000070f200000| Untracked 
|  83|0x000000070f400000, 0x000000070f400000, 0x000000070f600000|  0%| F|  |TAMS 0x000000070f400000| PB 0x000000070f400000| Untracked 
|  84|0x000000070f600000, 0x000000070f600000, 0x000000070f800000|  0%| F|  |TAMS 0x000000070f600000| PB 0x000000070f600000| Untracked 
|  85|0x000000070f800000, 0x000000070f800000, 0x000000070fa00000|  0%| F|  |TAMS 0x000000070f800000| PB 0x000000070f800000| Untracked 
|  86|0x000000070fa00000, 0x000000070fa00000, 0x000000070fc00000|  0%| F|  |TAMS 0x000000070fa00000| PB 0x000000070fa00000| Untracked 
|  87|0x000000070fc00000, 0x000000070fc00000, 0x000000070fe00000|  0%| F|  |TAMS 0x000000070fc00000| PB 0x000000070fc00000| Untracked 
|  88|0x000000070fe00000, 0x000000070fe00000, 0x0000000710000000|  0%| F|  |TAMS 0x000000070fe00000| PB 0x000000070fe00000| Untracked 
|  89|0x0000000710000000, 0x0000000710000000, 0x0000000710200000|  0%| F|  |TAMS 0x0000000710000000| PB 0x0000000710000000| Untracked 
|  90|0x0000000710200000, 0x0000000710200000, 0x0000000710400000|  0%| F|  |TAMS 0x0000000710200000| PB 0x0000000710200000| Untracked 
|  91|0x0000000710400000, 0x0000000710400000, 0x0000000710600000|  0%| F|  |TAMS 0x0000000710400000| PB 0x0000000710400000| Untracked 
|  92|0x0000000710600000, 0x0000000710600000, 0x0000000710800000|  0%| F|  |TAMS 0x0000000710600000| PB 0x0000000710600000| Untracked 
|  93|0x0000000710800000, 0x0000000710800000, 0x0000000710a00000|  0%| F|  |TAMS 0x0000000710800000| PB 0x0000000710800000| Untracked 
|  94|0x0000000710a00000, 0x0000000710a00000, 0x0000000710c00000|  0%| F|  |TAMS 0x0000000710a00000| PB 0x0000000710a00000| Untracked 
|  95|0x0000000710c00000, 0x0000000710c00000, 0x0000000710e00000|  0%| F|  |TAMS 0x0000000710c00000| PB 0x0000000710c00000| Untracked 
|  96|0x0000000710e00000, 0x0000000710e00000, 0x0000000711000000|  0%| F|  |TAMS 0x0000000710e00000| PB 0x0000000710e00000| Untracked 
|  97|0x0000000711000000, 0x0000000711000000, 0x0000000711200000|  0%| F|  |TAMS 0x0000000711000000| PB 0x0000000711000000| Untracked 
|  98|0x0000000711200000, 0x0000000711200000, 0x0000000711400000|  0%| F|  |TAMS 0x0000000711200000| PB 0x0000000711200000| Untracked 
|  99|0x0000000711400000, 0x0000000711400000, 0x0000000711600000|  0%| F|  |TAMS 0x0000000711400000| PB 0x0000000711400000| Untracked 
| 100|0x0000000711600000, 0x0000000711600000, 0x0000000711800000|  0%| F|  |TAMS 0x0000000711600000| PB 0x0000000711600000| Untracked 
| 101|0x0000000711800000, 0x0000000711800000, 0x0000000711a00000|  0%| F|  |TAMS 0x0000000711800000| PB 0x0000000711800000| Untracked 
| 102|0x0000000711a00000, 0x0000000711a00000, 0x0000000711c00000|  0%| F|  |TAMS 0x0000000711a00000| PB 0x0000000711a00000| Untracked 
| 103|0x0000000711c00000, 0x0000000711c00000, 0x0000000711e00000|  0%| F|  |TAMS 0x0000000711c00000| PB 0x0000000711c00000| Untracked 
| 104|0x0000000711e00000, 0x0000000711e00000, 0x0000000712000000|  0%| F|  |TAMS 0x0000000711e00000| PB 0x0000000711e00000| Untracked 
| 105|0x0000000712000000, 0x0000000712000000, 0x0000000712200000|  0%| F|  |TAMS 0x0000000712000000| PB 0x0000000712000000| Untracked 
| 106|0x0000000712200000, 0x0000000712200000, 0x0000000712400000|  0%| F|  |TAMS 0x0000000712200000| PB 0x0000000712200000| Untracked 
| 107|0x0000000712400000, 0x0000000712400000, 0x0000000712600000|  0%| F|  |TAMS 0x0000000712400000| PB 0x0000000712400000| Untracked 
| 108|0x0000000712600000, 0x0000000712600000, 0x0000000712800000|  0%| F|  |TAMS 0x0000000712600000| PB 0x0000000712600000| Untracked 
| 109|0x0000000712800000, 0x0000000712800000, 0x0000000712a00000|  0%| F|  |TAMS 0x0000000712800000| PB 0x0000000712800000| Untracked 
| 110|0x0000000712a00000, 0x0000000712a00000, 0x0000000712c00000|  0%| F|  |TAMS 0x0000000712a00000| PB 0x0000000712a00000| Untracked 
| 111|0x0000000712c00000, 0x0000000712c00000, 0x0000000712e00000|  0%| F|  |TAMS 0x0000000712c00000| PB 0x0000000712c00000| Untracked 
| 112|0x0000000712e00000, 0x0000000712e00000, 0x0000000713000000|  0%| F|  |TAMS 0x0000000712e00000| PB 0x0000000712e00000| Untracked 
| 113|0x0000000713000000, 0x0000000713000000, 0x0000000713200000|  0%| F|  |TAMS 0x0000000713000000| PB 0x0000000713000000| Untracked 
| 114|0x0000000713200000, 0x0000000713200000, 0x0000000713400000|  0%| F|  |TAMS 0x0000000713200000| PB 0x0000000713200000| Untracked 
| 115|0x0000000713400000, 0x0000000713400000, 0x0000000713600000|  0%| F|  |TAMS 0x0000000713400000| PB 0x0000000713400000| Untracked 
| 116|0x0000000713600000, 0x0000000713600000, 0x0000000713800000|  0%| F|  |TAMS 0x0000000713600000| PB 0x0000000713600000| Untracked 
| 117|0x0000000713800000, 0x0000000713870a88, 0x0000000713a00000| 22%| E|  |TAMS 0x0000000713800000| PB 0x0000000713800000| Complete 
| 118|0x0000000713a00000, 0x0000000713c00000, 0x0000000713c00000|100%| E|CS|TAMS 0x0000000713a00000| PB 0x0000000713a00000| Complete 
| 119|0x0000000713c00000, 0x0000000713e00000, 0x0000000713e00000|100%| E|CS|TAMS 0x0000000713c00000| PB 0x0000000713c00000| Complete 
| 120|0x0000000713e00000, 0x0000000714000000, 0x0000000714000000|100%| E|CS|TAMS 0x0000000713e00000| PB 0x0000000713e00000| Complete 
| 121|0x0000000714000000, 0x0000000714200000, 0x0000000714200000|100%| E|CS|TAMS 0x0000000714000000| PB 0x0000000714000000| Complete 
| 122|0x0000000714200000, 0x0000000714400000, 0x0000000714400000|100%| E|CS|TAMS 0x0000000714200000| PB 0x0000000714200000| Complete 
| 123|0x0000000714400000, 0x0000000714600000, 0x0000000714600000|100%| E|CS|TAMS 0x0000000714400000| PB 0x0000000714400000| Complete 
| 124|0x0000000714600000, 0x0000000714800000, 0x0000000714800000|100%| E|CS|TAMS 0x0000000714600000| PB 0x0000000714600000| Complete 
| 125|0x0000000714800000, 0x0000000714a00000, 0x0000000714a00000|100%| E|CS|TAMS 0x0000000714800000| PB 0x0000000714800000| Complete 

Card table byte_map: [0x00000190717e0000,0x0000019071fc0000] _byte_map_base: 0x000001906dfb9000

Marking Bits: (CMBitMap*) 0x000001905daa2000
 Bits: [0x0000019071fc0000, 0x0000019075e88000)

Polling page: 0x000001905d200000

Metaspace:

Usage:
  Non-class:      2.99 MB used.
      Class:    426.16 KB used.
       Both:      3.41 MB used.

Virtual space:
  Non-class space:       64.00 MB reserved,       3.12 MB (  5%) committed,  1 nodes.
      Class space:        1.00 GB reserved,     512.00 KB ( <1%) committed,  1 nodes.
             Both:        1.06 GB reserved,       3.62 MB ( <1%) committed. 

Chunk freelists:
   Non-Class:  10.17 MB
       Class:  15.38 MB
        Both:  25.56 MB

MaxMetaspaceSize: unlimited
CompressedClassSpaceSize: 1.00 GB
Initial GC threshold: 21.00 MB
Current GC threshold: 21.00 MB
CDS: on
 - commit_granule_bytes: 65536.
 - commit_granule_words: 8192.
 - virtual_space_node_default_size: 8388608.
 - enlarge_chunks_in_place: 1.
 - use_allocation_guard: 0.


Internal statistics:

num_allocs_failed_limit: 0.
num_arena_births: 194.
num_arena_deaths: 0.
num_vsnodes_births: 2.
num_vsnodes_deaths: 0.
num_space_committed: 58.
num_space_uncommitted: 0.
num_chunks_returned_to_freelist: 0.
num_chunks_taken_from_freelist: 353.
num_chunk_merges: 0.
num_chunk_splits: 200.
num_chunks_enlarged: 96.
num_inconsistent_stats: 0.

CodeHeap 'non-profiled nmethods': size=120000Kb used=404Kb max_used=404Kb free=119595Kb
 bounds [0x0000019069580000, 0x00000190697f0000, 0x0000019070ab0000]
CodeHeap 'profiled nmethods': size=120000Kb used=1851Kb max_used=1851Kb free=118148Kb
 bounds [0x0000019061ab0000, 0x0000019061d20000, 0x0000019068fe0000]
CodeHeap 'non-nmethods': size=5760Kb used=1356Kb max_used=1380Kb free=4403Kb
 bounds [0x0000019068fe0000, 0x0000019069250000, 0x0000019069580000]
CodeCache: size=245760Kb, used=3611Kb, max_used=3635Kb, free=242146Kb
 total_blobs=1701, nmethods=1186, adapters=420, full_count=0
Compilation: enabled, stopped_count=0, restarted_count=0

Compilation events (20 events):
Event: 1.434 Thread 0x0000019078b22e30 1179       3       jdk.internal.org.objectweb.asm.MethodVisitor::visitVarInsn (17 bytes)
Event: 1.434 Thread 0x0000019078b22e30 nmethod 1179 0x0000019061c7ae10 code [0x0000019061c7afc0, 0x0000019061c7b1d0]
Event: 1.434 Thread 0x0000019078b22e30 1180       3       java.lang.invoke.InnerClassLambdaMetafactory::getLoadOpcode (26 bytes)
Event: 1.434 Thread 0x0000019078b22e30 nmethod 1180 0x0000019061c7b290 code [0x0000019061c7b460, 0x0000019061c7b680]
Event: 1.435 Thread 0x0000019078b22e30 1181   !   3       java.lang.invoke.MethodHandleNatives::linkMethodHandleConstant (50 bytes)
Event: 1.435 Thread 0x0000019078b22e30 nmethod 1181 0x0000019061c7b790 code [0x0000019061c7b960, 0x0000019061c7bb68]
Event: 1.435 Thread 0x0000019078b22e30 1182       3       java.lang.invoke.MethodHandles$Lookup::linkMethodHandleConstant (223 bytes)
Event: 1.436 Thread 0x0000019078b22e30 nmethod 1182 0x0000019061c7bd10 code [0x0000019061c7c100, 0x0000019061c7d8f0]
Event: 1.436 Thread 0x0000019078b22e30 1183       3       java.nio.ByteBuffer::<init> (14 bytes)
Event: 1.437 Thread 0x0000019078b22e30 nmethod 1183 0x0000019061c7e090 code [0x0000019061c7e240, 0x0000019061c7e390]
Event: 1.437 Thread 0x0000019078b22e30 1184       3       java.nio.MappedByteBuffer::limit (6 bytes)
Event: 1.437 Thread 0x0000019078b22e30 nmethod 1184 0x0000019061c7e490 code [0x0000019061c7e640, 0x0000019061c7e850]
Event: 1.437 Thread 0x0000019078b216f0 1185       4       jdk.internal.util.StrongReferenceKey::hashCode (8 bytes)
Event: 1.441 Thread 0x0000019078b22e30 1186       1       java.util.concurrent.atomic.AtomicInteger::get (5 bytes)
Event: 1.441 Thread 0x0000019078b22e30 nmethod 1186 0x00000190695e4390 code [0x00000190695e4520, 0x00000190695e45e8]
Event: 1.441 Thread 0x0000019078b216f0 nmethod 1185 0x00000190695e4690 code [0x00000190695e48a0, 0x00000190695e4cc8]
Event: 1.442 Thread 0x0000019078b22e30 1187       3       java.nio.ByteBuffer::get (9 bytes)
Event: 1.442 Thread 0x0000019078b22e30 nmethod 1187 0x0000019061c7e990 code [0x0000019061c7eb40, 0x0000019061c7ed20]
Event: 1.442 Thread 0x0000019078b22e30 1188       1       sun.security.provider.DigestBase::engineGetDigestLength (5 bytes)
Event: 1.442 Thread 0x0000019078b22e30 nmethod 1188 0x00000190695e5010 code [0x00000190695e51a0, 0x00000190695e5268]

GC Heap History (0 events):
No events

Dll operation events (2 events):
Event: 0.005 Loaded shared library C:\Program Files\JetBrains\IntelliJ IDEA 2025.3.3\jbr\bin\java.dll
Event: 0.075 Loaded shared library C:\Program Files\JetBrains\IntelliJ IDEA 2025.3.3\jbr\bin\zip.dll

Deoptimization events (20 events):
Event: 1.396 Thread 0x000001907d417440 Uncommon trap: trap_request=0xffffff66 fr.pc=0x00000190695d9f74 relative=0x0000000000000314
Event: 1.396 Thread 0x000001907d417440 Uncommon trap: reason=speculate_class_check action=maybe_recompile pc=0x00000190695d9f74 method=sun.security.util.math.intpoly.IntegerPolynomial.multByInt([JJ)V @ 26 c2
Event: 1.396 Thread 0x000001907d417440 DEOPT PACKING pc=0x00000190695d9f74 sp=0x000000310dbfe410
Event: 1.396 Thread 0x000001907d417440 DEOPT UNPACKING pc=0x0000019069034422 sp=0x000000310dbfe350 mode 2
Event: 1.396 Thread 0x000001907d417440 Uncommon trap: trap_request=0xffffffde fr.pc=0x00000190695d519c relative=0x000000000000025c
Event: 1.396 Thread 0x000001907d417440 Uncommon trap: reason=class_check action=maybe_recompile pc=0x00000190695d519c method=sun.security.util.math.intpoly.IntegerPolynomial.multByInt([JJ)V @ 26 c2
Event: 1.396 Thread 0x000001907d417440 DEOPT PACKING pc=0x00000190695d519c sp=0x000000310dbfe380
Event: 1.396 Thread 0x000001907d417440 DEOPT UNPACKING pc=0x0000019069034422 sp=0x000000310dbfe350 mode 2
Event: 1.396 Thread 0x000001907d417440 Uncommon trap: trap_request=0xffffffde fr.pc=0x00000190695d519c relative=0x000000000000025c
Event: 1.396 Thread 0x000001907d417440 Uncommon trap: reason=class_check action=maybe_recompile pc=0x00000190695d519c method=sun.security.util.math.intpoly.IntegerPolynomial.multByInt([JJ)V @ 26 c2
Event: 1.396 Thread 0x000001907d417440 DEOPT PACKING pc=0x00000190695d519c sp=0x000000310dbfe380
Event: 1.396 Thread 0x000001907d417440 DEOPT UNPACKING pc=0x0000019069034422 sp=0x000000310dbfe350 mode 2
Event: 1.396 Thread 0x000001907d417440 Uncommon trap: trap_request=0xffffffde fr.pc=0x00000190695d519c relative=0x000000000000025c
Event: 1.396 Thread 0x000001907d417440 Uncommon trap: reason=class_check action=maybe_recompile pc=0x00000190695d519c method=sun.security.util.math.intpoly.IntegerPolynomial.multByInt([JJ)V @ 26 c2
Event: 1.396 Thread 0x000001907d417440 DEOPT PACKING pc=0x00000190695d519c sp=0x000000310dbfe380
Event: 1.396 Thread 0x000001907d417440 DEOPT UNPACKING pc=0x0000019069034422 sp=0x000000310dbfe350 mode 2
Event: 1.396 Thread 0x000001907d417440 Uncommon trap: trap_request=0xffffffde fr.pc=0x00000190695d519c relative=0x000000000000025c
Event: 1.396 Thread 0x000001907d417440 Uncommon trap: reason=class_check action=maybe_recompile pc=0x00000190695d519c method=sun.security.util.math.intpoly.IntegerPolynomial.multByInt([JJ)V @ 26 c2
Event: 1.396 Thread 0x000001907d417440 DEOPT PACKING pc=0x00000190695d519c sp=0x000000310dbfe380
Event: 1.396 Thread 0x000001907d417440 DEOPT UNPACKING pc=0x0000019069034422 sp=0x000000310dbfe350 mode 2

Classes loaded (20 events):
Event: 0.249 Loading class jdk/net/ExtendedSocketOptions$1
Event: 0.249 Loading class jdk/net/ExtendedSocketOptions$1 done
Event: 0.250 Loading class java/nio/BufferMismatch
Event: 0.251 Loading class java/nio/BufferMismatch done
Event: 0.251 Loading class sun/nio/ch/SourceChannelImpl
Event: 0.251 Loading class java/nio/channels/Pipe$SourceChannel
Event: 0.251 Loading class java/nio/channels/Pipe$SourceChannel done
Event: 0.251 Loading class sun/nio/ch/SourceChannelImpl done
Event: 0.251 Loading class sun/nio/ch/SinkChannelImpl
Event: 0.251 Loading class java/nio/channels/Pipe$SinkChannel
Event: 0.251 Loading class java/nio/channels/Pipe$SinkChannel done
Event: 0.251 Loading class sun/nio/ch/SinkChannelImpl done
Event: 0.258 Loading class sun/net/spi/DefaultProxySelector$NonProxyInfo
Event: 0.258 Loading class sun/net/spi/DefaultProxySelector$NonProxyInfo done
Event: 0.258 Loading class sun/net/spi/DefaultProxySelector$3
Event: 0.258 Loading class sun/net/spi/DefaultProxySelector$3 done
Event: 1.407 Loading class jdk/internal/event/X509CertificateEvent
Event: 1.407 Loading class jdk/internal/event/X509CertificateEvent done
Event: 1.416 Loading class jdk/internal/event/TLSHandshakeEvent
Event: 1.417 Loading class jdk/internal/event/TLSHandshakeEvent done

Classes unloaded (0 events):
No events

Classes redefined (0 events):
No events

Internal exceptions (20 events):
Event: 0.176 Thread 0x000001905b7c5540 Exception <a 'java/lang/NoSuchMethodError'{0x000000071453cde8}: 'java.lang.Object java.lang.invoke.DirectMethodHandle$Holder.invokeStaticInit(java.lang.Object, java.lang.Object, int, int, int, int)'> (0x000000071453cde8) 
thrown [s\src\hotspot\share\interpreter\linkResolver.cpp, line 784]
Event: 0.190 Thread 0x000001905b7c5540 Exception <a 'java/lang/NoSuchMethodError'{0x0000000714200ab0}: 'java.lang.Object java.lang.invoke.DirectMethodHandle$Holder.invokeStaticInit(java.lang.Object, java.lang.Object, int)'> (0x0000000714200ab0) 
thrown [s\src\hotspot\share\interpreter\linkResolver.cpp, line 784]
Event: 0.191 Thread 0x000001905b7c5540 Exception <a 'java/lang/NoSuchMethodError'{0x00000007142069b8}: 'java.lang.Object java.lang.invoke.DirectMethodHandle$Holder.newInvokeSpecial(java.lang.Object, java.lang.Object, int)'> (0x00000007142069b8) 
thrown [s\src\hotspot\share\interpreter\linkResolver.cpp, line 784]
Event: 0.193 Thread 0x000001905b7c5540 Exception <a 'java/lang/NoSuchMethodError'{0x000000071421bb80}: 'int java.lang.invoke.DirectMethodHandle$Holder.invokeSpecialIFC(java.lang.Object, java.lang.Object, java.lang.Object)'> (0x000000071421bb80) 
thrown [s\src\hotspot\share\interpreter\linkResolver.cpp, line 784]
Event: 0.199 Thread 0x000001905b7c5540 Exception <a 'java/lang/NoSuchMethodError'{0x0000000714253358}: 'java.lang.Object java.lang.invoke.Invokers$Holder.invoke_MT(java.lang.Object, java.lang.Object, java.lang.Object, java.lang.Object, java.lang.Object, java.lang.Object, java.lang.Object, java.lang.Object, java.lang.Object, java.lang.Object)'> (0x0000000714253358) 
thrown [s\src\hotspot\share\interpreter\linkResolver.cpp, line 784]
Event: 0.206 Thread 0x000001905b7c5540 Exception <a 'java/lang/NoSuchMethodError'{0x0000000714292f60}: 'int java.lang.invoke.DirectMethodHandle$Holder.invokeSpecial(java.lang.Object, java.lang.Object, java.lang.Object, java.lang.Object)'> (0x0000000714292f60) 
thrown [s\src\hotspot\share\interpreter\linkResolver.cpp, line 784]
Event: 0.208 Thread 0x000001905b7c5540 Exception <a 'java/lang/NoSuchMethodError'{0x00000007142a8290}: 'java.lang.Object java.lang.invoke.DirectMethodHandle$Holder.invokeSpecial(java.lang.Object, java.lang.Object, int, java.lang.Object, java.lang.Object)'> (0x00000007142a8290) 
thrown [s\src\hotspot\share\interpreter\linkResolver.cpp, line 784]
Event: 0.208 Thread 0x000001905b7c5540 Exception <a 'java/lang/NoSuchMethodError'{0x00000007142abc20}: 'java.lang.Object java.lang.invoke.DelegatingMethodHandle$Holder.delegate(java.lang.Object, int, java.lang.Object, java.lang.Object)'> (0x00000007142abc20) 
thrown [s\src\hotspot\share\interpreter\linkResolver.cpp, line 784]
Event: 0.211 Thread 0x000001905b7c5540 Exception <a 'java/lang/NoSuchMethodError'{0x00000007142bb448}: 'int java.lang.invoke.Invokers$Holder.linkToTargetMethod(java.lang.Object, java.lang.Object, java.lang.Object)'> (0x00000007142bb448) 
thrown [s\src\hotspot\share\interpreter\linkResolver.cpp, line 784]
Event: 0.213 Thread 0x000001905b7c5540 Exception <a 'java/lang/NoSuchMethodError'{0x00000007142ee680}: 'long java.lang.invoke.DirectMethodHandle$Holder.invokeSpecial(java.lang.Object, java.lang.Object)'> (0x00000007142ee680) 
thrown [s\src\hotspot\share\interpreter\linkResolver.cpp, line 784]
Event: 0.214 Thread 0x000001905b7c5540 Exception <a 'java/lang/NoSuchMethodError'{0x00000007142f5390}: 'java.lang.Object java.lang.invoke.Invokers$Holder.invokeExact_MT(java.lang.Object, java.lang.Object, java.lang.Object, java.lang.Object, java.lang.Object, java.lang.Object)'> (0x00000007142f5390) 
thrown [s\src\hotspot\share\interpreter\linkResolver.cpp, line 784]
Event: 0.255 Thread 0x000001905b7c5540 Exception <a 'java/lang/NoSuchMethodError'{0x00000007141792a0}: 'java.lang.Object java.lang.invoke.DirectMethodHandle$Holder.newInvokeSpecial(java.lang.Object, java.lang.Object, java.lang.Object, java.lang.Object, java.lang.Object)'> (0x00000007141792a0) 
thrown [s\src\hotspot\share\interpreter\linkResolver.cpp, line 784]
Event: 0.274 Thread 0x000001905b7c5540 Exception <a 'java/lang/NoSuchMethodError'{0x0000000713f07ae8}: 'java.lang.Object java.lang.invoke.DirectMethodHandle$Holder.invokeSpecial(java.lang.Object, java.lang.Object, java.lang.Object, java.lang.Object, int)'> (0x0000000713f07ae8) 
thrown [s\src\hotspot\share\interpreter\linkResolver.cpp, line 784]
Event: 0.274 Thread 0x000001905b7c5540 Exception <a 'java/lang/NoSuchMethodError'{0x0000000713f0b6a0}: 'java.lang.Object java.lang.invoke.Invokers$Holder.linkToTargetMethod(java.lang.Object, java.lang.Object, int, java.lang.Object)'> (0x0000000713f0b6a0) 
thrown [s\src\hotspot\share\interpreter\linkResolver.cpp, line 784]
Event: 0.277 Thread 0x000001905b7c5540 Exception <a 'java/lang/NoSuchMethodError'{0x0000000713f398f0}: 'void java.lang.invoke.DirectMethodHandle$Holder.invokeSpecial(java.lang.Object, java.lang.Object, java.lang.Object)'> (0x0000000713f398f0) 
thrown [s\src\hotspot\share\interpreter\linkResolver.cpp, line 784]
Event: 0.286 Thread 0x000001907d3f4140 Exception <a 'java/lang/NoSuchMethodError'{0x0000000714102468}: 'void java.lang.invoke.DirectMethodHandle$Holder.invokeStatic(java.lang.Object, java.lang.Object, int)'> (0x0000000714102468) 
thrown [s\src\hotspot\share\interpreter\linkResolver.cpp, line 784]
Event: 0.287 Thread 0x000001905b7c5540 Exception <a 'java/lang/NoSuchMethodError'{0x0000000713fc9258}: 'void java.lang.invoke.DirectMethodHandle$Holder.invokeSpecial(java.lang.Object, java.lang.Object, java.lang.Object, java.lang.Object, java.lang.Object)'> (0x0000000713fc9258) 
thrown [s\src\hotspot\share\interpreter\linkResolver.cpp, line 784]
Event: 0.293 Thread 0x000001907d417440 Exception <a 'java/lang/NoSuchMethodError'{0x0000000713c11fc0}: 'void java.lang.invoke.DirectMethodHandle$Holder.invokeInterface(java.lang.Object, java.lang.Object, java.lang.Object)'> (0x0000000713c11fc0) 
thrown [s\src\hotspot\share\interpreter\linkResolver.cpp, line 784]
Event: 1.388 Thread 0x000001907d417440 Exception <a 'java/lang/NoSuchMethodError'{0x0000000713a79028}: 'void java.lang.invoke.DirectMethodHandle$Holder.invokeInterface(java.lang.Object, java.lang.Object)'> (0x0000000713a79028) 
thrown [s\src\hotspot\share\interpreter\linkResolver.cpp, line 784]
Event: 1.418 Thread 0x000001907d417440 Exception <a 'java/lang/NoSuchMethodError'{0x0000000713aef448}: 'void java.lang.invoke.DirectMethodHandle$Holder.invokeStatic(java.lang.Object, java.lang.Object, java.lang.Object, java.lang.Object)'> (0x0000000713aef448) 
thrown [s\src\hotspot\share\interpreter\linkResolver.cpp, line 784]

ZGC Phase Switch (0 events):
No events

VM Operations (10 events):
Event: 0.096 Executing non-safepoint VM operation: HandshakeAllThreads (Deoptimize)
Event: 0.096 Executing non-safepoint VM operation: HandshakeAllThreads (Deoptimize) done
Event: 0.165 Executing non-safepoint VM operation: HandshakeAllThreads (Deoptimize)
Event: 0.165 Executing non-safepoint VM operation: HandshakeAllThreads (Deoptimize) done
Event: 0.287 Executing non-safepoint VM operation: HandshakeAllThreads (Deoptimize)
Event: 0.287 Executing non-safepoint VM operation: HandshakeAllThreads (Deoptimize) done
Event: 1.301 Executing safepoint VM operation: Cleanup
Event: 1.380 Executing safepoint VM operation: Cleanup done
Event: 2.391 Executing safepoint VM operation: Cleanup
Event: 2.391 Executing safepoint VM operation: Cleanup done

Memory protections (0 events):
No events

Nmethod flushes (0 events):
No events

Events (20 events):
Event: 0.077 Thread 0x000001905b7c5540 Thread added: 0x0000019078b15d40
Event: 0.077 Thread 0x000001905b7c5540 Thread added: 0x0000019078b16a20
Event: 0.077 Thread 0x000001905b7c5540 Thread added: 0x0000019078b17ff0
Event: 0.077 Thread 0x000001905b7c5540 Thread added: 0x0000019078b18660
Event: 0.077 Thread 0x000001905b7c5540 Thread added: 0x0000019078b1b4e0
Event: 0.077 Thread 0x000001905b7c5540 Thread added: 0x0000019078b1ecb0
Event: 0.077 Thread 0x000001905b7c5540 Thread added: 0x0000019078b216f0
Event: 0.077 Thread 0x000001905b7c5540 Thread added: 0x0000019078b22e30
Event: 0.087 Thread 0x000001905b7c5540 Thread added: 0x000001907d129560
Event: 0.091 Loaded shared library C:\Program Files\JetBrains\IntelliJ IDEA 2025.3.3\jbr\bin\net.dll
Event: 0.092 Loaded shared library C:\Program Files\JetBrains\IntelliJ IDEA 2025.3.3\jbr\bin\nio.dll
Event: 0.094 Loaded shared library C:\Program Files\JetBrains\IntelliJ IDEA 2025.3.3\jbr\bin\zip.dll
Event: 0.117 Loaded shared library C:\Program Files\JetBrains\IntelliJ IDEA 2025.3.3\jbr\bin\jimage.dll
Event: 0.229 Loaded shared library C:\Program Files\JetBrains\IntelliJ IDEA 2025.3.3\jbr\bin\sunmscapi.dll
Event: 0.248 Loaded shared library C:\Program Files\JetBrains\IntelliJ IDEA 2025.3.3\jbr\bin\extnet.dll
Event: 0.253 Thread 0x000001905b7c5540 Thread added: 0x000001907d3f4140
Event: 0.292 Thread 0x000001907d3f4140 Thread added: 0x000001907d417440
Event: 0.301 Thread 0x000001907d3f4140 Thread added: 0x000001907d466bf0
Event: 0.314 Thread 0x0000019078b22e30 Thread added: 0x000001907d478100
Event: 0.321 Thread 0x0000019078b22e30 Thread added: 0x000001907d4b3f20


Dynamic libraries:
0x00007ff6b21d0000 - 0x00007ff6b21da000 	C:\Program Files\JetBrains\IntelliJ IDEA 2025.3.3\jbr\bin\java.exe
0x00007ff8dde40000 - 0x00007ff8de0a7000 	C:\WINDOWS\SYSTEM32\ntdll.dll
0x00007ff8dc5d0000 - 0x00007ff8dc699000 	C:\WINDOWS\System32\KERNEL32.DLL
0x00007ff8db5b0000 - 0x00007ff8db9a4000 	C:\WINDOWS\System32\KERNELBASE.dll
0x00007ff8db460000 - 0x00007ff8db5ab000 	C:\WINDOWS\System32\ucrtbase.dll
0x00007ff8b4af0000 - 0x00007ff8b4b0b000 	C:\Program Files\JetBrains\IntelliJ IDEA 2025.3.3\jbr\bin\VCRUNTIME140.dll
0x00007ff8b4b70000 - 0x00007ff8b4b88000 	C:\Program Files\JetBrains\IntelliJ IDEA 2025.3.3\jbr\bin\jli.dll
0x00007ff8dc100000 - 0x00007ff8dc2c5000 	C:\WINDOWS\System32\USER32.dll
0x00007ff8c26a0000 - 0x00007ff8c2933000 	C:\WINDOWS\WinSxS\amd64_microsoft.windows.common-controls_6595b64144ccf1df_6.0.26100.8115_none_3e075c82e3354f9c\COMCTL32.dll
0x00007ff8da850000 - 0x00007ff8da877000 	C:\WINDOWS\System32\win32u.dll
0x00007ff8dbd70000 - 0x00007ff8dbe19000 	C:\WINDOWS\System32\msvcrt.dll
0x00007ff8dd1b0000 - 0x00007ff8dd1db000 	C:\WINDOWS\System32\GDI32.dll
0x00007ff8db330000 - 0x00007ff8db45b000 	C:\WINDOWS\System32\gdi32full.dll
0x00007ff8dbb20000 - 0x00007ff8dbbc3000 	C:\WINDOWS\System32\msvcp_win.dll
0x00007ff8dc6a0000 - 0x00007ff8dc6d2000 	C:\WINDOWS\System32\IMM32.DLL
0x00007ff8d1360000 - 0x00007ff8d136c000 	C:\Program Files\JetBrains\IntelliJ IDEA 2025.3.3\jbr\bin\vcruntime140_1.dll
0x00007ff894390000 - 0x00007ff89441d000 	C:\Program Files\JetBrains\IntelliJ IDEA 2025.3.3\jbr\bin\msvcp140.dll
0x00007fffdbd40000 - 0x00007fffdcb0d000 	C:\Program Files\JetBrains\IntelliJ IDEA 2025.3.3\jbr\bin\server\jvm.dll
0x00007ff8dc6e0000 - 0x00007ff8dc796000 	C:\WINDOWS\System32\ADVAPI32.dll
0x00007ff8dd100000 - 0x00007ff8dd1a7000 	C:\WINDOWS\System32\sechost.dll
0x00007ff8dc4b0000 - 0x00007ff8dc5c8000 	C:\WINDOWS\System32\RPCRT4.dll
0x00007ff8dc070000 - 0x00007ff8dc0f0000 	C:\WINDOWS\System32\WS2_32.dll
0x00007ff8c4b10000 - 0x00007ff8c4b1b000 	C:\WINDOWS\SYSTEM32\VERSION.dll
0x00007ff8da570000 - 0x00007ff8da5ce000 	C:\WINDOWS\SYSTEM32\POWRPROF.dll
0x00007ff8cdd30000 - 0x00007ff8cdd66000 	C:\WINDOWS\SYSTEM32\WINMM.dll
0x00007ff8da550000 - 0x00007ff8da564000 	C:\WINDOWS\SYSTEM32\UMPDC.dll
0x00007ff8d9400000 - 0x00007ff8d941b000 	C:\WINDOWS\SYSTEM32\kernel.appcore.dll
0x00007ff8c9060000 - 0x00007ff8c906a000 	C:\Program Files\JetBrains\IntelliJ IDEA 2025.3.3\jbr\bin\jimage.dll
0x00007ff8d86d0000 - 0x00007ff8d8912000 	C:\WINDOWS\SYSTEM32\DBGHELP.DLL
0x00007ff8dd200000 - 0x00007ff8dd582000 	C:\WINDOWS\System32\combase.dll
0x00007ff8dbf80000 - 0x00007ff8dc058000 	C:\WINDOWS\System32\OLEAUT32.dll
0x00007ff8bfcd0000 - 0x00007ff8bfd0b000 	C:\WINDOWS\SYSTEM32\dbgcore.DLL
0x00007ff8da7a0000 - 0x00007ff8da845000 	C:\WINDOWS\System32\bcryptPrimitives.dll
0x00007ff8b2e40000 - 0x00007ff8b2e60000 	C:\Program Files\JetBrains\IntelliJ IDEA 2025.3.3\jbr\bin\java.dll
0x00007ff8dd590000 - 0x00007ff8ddcf7000 	C:\WINDOWS\System32\SHELL32.dll
0x00007ff8db9b0000 - 0x00007ff8dbb1a000 	C:\WINDOWS\System32\wintypes.dll
0x00007ff8daa00000 - 0x00007ff8db268000 	C:\WINDOWS\System32\windows.storage.dll
0x00007ff8ddd00000 - 0x00007ff8dddf8000 	C:\WINDOWS\System32\SHCORE.dll
0x00007ff8dc360000 - 0x00007ff8dc3c6000 	C:\WINDOWS\System32\shlwapi.dll
0x00007ff8da630000 - 0x00007ff8da659000 	C:\WINDOWS\SYSTEM32\profapi.dll
0x00007ff8b0850000 - 0x00007ff8b0868000 	C:\Program Files\JetBrains\IntelliJ IDEA 2025.3.3\jbr\bin\zip.dll
0x00007ff8c7470000 - 0x00007ff8c7480000 	C:\Program Files\JetBrains\IntelliJ IDEA 2025.3.3\jbr\bin\net.dll
0x00007ff8d3e40000 - 0x00007ff8d3f6d000 	C:\WINDOWS\SYSTEM32\WINHTTP.dll
0x00007ff8d9a10000 - 0x00007ff8d9a7c000 	C:\WINDOWS\system32\mswsock.dll
0x00007ff8b0830000 - 0x00007ff8b0846000 	C:\Program Files\JetBrains\IntelliJ IDEA 2025.3.3\jbr\bin\nio.dll
0x00007ff8d9d00000 - 0x00007ff8d9d1b000 	C:\WINDOWS\SYSTEM32\CRYPTSP.dll
0x00007ff8d9420000 - 0x00007ff8d9459000 	C:\WINDOWS\system32\rsaenh.dll
0x00007ff8d9ac0000 - 0x00007ff8d9af3000 	C:\WINDOWS\SYSTEM32\USERENV.dll
0x00007ff8da600000 - 0x00007ff8da62a000 	C:\WINDOWS\SYSTEM32\bcrypt.dll
0x00007ff8d9cf0000 - 0x00007ff8d9cfc000 	C:\WINDOWS\SYSTEM32\CRYPTBASE.dll
0x00007ff8d8fa0000 - 0x00007ff8d8fd2000 	C:\WINDOWS\SYSTEM32\IPHLPAPI.DLL
0x00007ff8dcff0000 - 0x00007ff8dcffa000 	C:\WINDOWS\System32\NSI.dll
0x00007ff8ad030000 - 0x00007ff8ad03e000 	C:\Program Files\JetBrains\IntelliJ IDEA 2025.3.3\jbr\bin\sunmscapi.dll
0x00007ff8da880000 - 0x00007ff8da9f7000 	C:\WINDOWS\System32\CRYPT32.dll
0x00007ff8d9f80000 - 0x00007ff8d9fb0000 	C:\WINDOWS\SYSTEM32\ncrypt.dll
0x00007ff8d9f30000 - 0x00007ff8d9f6f000 	C:\WINDOWS\SYSTEM32\NTASN1.dll
0x00007ff8be530000 - 0x00007ff8be538000 	C:\WINDOWS\system32\wshunix.dll
0x00007ff8acf20000 - 0x00007ff8acf29000 	C:\Program Files\JetBrains\IntelliJ IDEA 2025.3.3\jbr\bin\extnet.dll

JVMTI agents: none

dbghelp: loaded successfully - version: 4.0.5 - missing functions: none
symbol engine: initialized successfully - sym options: 0x614 - pdb path: .;C:\Program Files\JetBrains\IntelliJ IDEA 2025.3.3\jbr\bin;C:\WINDOWS\SYSTEM32;C:\WINDOWS\WinSxS\amd64_microsoft.windows.common-controls_6595b64144ccf1df_6.0.26100.8115_none_3e075c82e3354f9c;C:\Program Files\JetBrains\IntelliJ IDEA 2025.3.3\jbr\bin\server

VM Arguments:
java_command: git4idea.http.GitAskPassApp Username for 'https://github.com': 
java_class_path (initial): C:/Program Files/JetBrains/IntelliJ IDEA 2025.3.3/plugins/vcs-git/lib/git4idea-rt.jar;C:/Program Files/JetBrains/IntelliJ IDEA 2025.3.3/lib/externalProcess-rt.jar
Launcher Type: SUN_STANDARD

[Global flags]
     intx CICompilerCount                          = 4                                         {product} {ergonomic}
     uint ConcGCThreads                            = 3                                         {product} {ergonomic}
     uint G1ConcRefinementThreads                  = 10                                        {product} {ergonomic}
   size_t G1HeapRegionSize                         = 2097152                                   {product} {ergonomic}
    uintx GCDrainStackTargetSize                   = 64                                        {product} {ergonomic}
   size_t InitialHeapSize                          = 264241152                                 {product} {ergonomic}
   size_t MarkStackSize                            = 4194304                                   {product} {ergonomic}
   size_t MaxHeapSize                              = 4213178368                                {product} {ergonomic}
   size_t MaxNewSize                               = 2527068160                                {product} {ergonomic}
   size_t MinHeapDeltaBytes                        = 2097152                                   {product} {ergonomic}
   size_t MinHeapSize                              = 8388608                                   {product} {ergonomic}
    uintx NonNMethodCodeHeapSize                   = 5839372                                {pd product} {ergonomic}
    uintx NonProfiledCodeHeapSize                  = 122909434                              {pd product} {ergonomic}
    uintx ProfiledCodeHeapSize                     = 122909434                              {pd product} {ergonomic}
    uintx ReservedCodeCacheSize                    = 251658240                              {pd product} {ergonomic}
     bool SegmentedCodeCache                       = true                                      {product} {ergonomic}
   size_t SoftMaxHeapSize                          = 4213178368                             {manageable} {ergonomic}
     bool UseCompressedOops                        = true                           {product lp64_product} {ergonomic}
     bool UseG1GC                                  = true                                      {product} {ergonomic}
     bool UseLargePagesIndividualAllocation        = false                                  {pd product} {ergonomic}

Logging:
Log output configuration:
 #0: stdout all=warning uptime,level,tags foldmultilines=false
 #1: stderr all=off uptime,level,tags foldmultilines=false

Release file:
JAVA_VERSION="21.0.10" 
MODULES="java.base java.datatransfer java.xml java.prefs java.desktop gluegen.rt java.compiler java.instrument java.logging java.management java.security.sasl java.naming java.rmi java.management.rmi java.net.http java.scripting java.security.jgss java.transaction.xa java.sql java.sql.rowset java.xml.crypto java.se java.smartcardio jogl.all jcef jdk.accessibility jdk.internal.jvmstat jdk.attach jdk.charsets jdk.internal.opt jdk.zipfs jdk.compiler jdk.crypto.ec jdk.crypto.cryptoki jdk.crypto.mscapi jdk.dynalink jdk.hotspot.agent jdk.httpserver jdk.internal.ed jdk.internal.le jdk.internal.vm.ci jdk.javadoc jdk.jcmd jdk.jdwp.agent jdk.jdi jdk.jfr jdk.jsobject jdk.localedata jdk.management jdk.management.agent jdk.management.jfr jdk.naming.dns jdk.naming.rmi jdk.net jdk.sctp jdk.security.auth jdk.security.jgss jdk.unsupported jdk.unsupported.desktop jdk.xml.dom" 
IMPLEMENTOR="JetBrains s.r.o." 
IMPLEMENTOR_VERSION="JBR-21.0.10+1-1163.108-jcef" 
JAVA_RUNTIME_VERSION="21.0.10+1-b1163.108" 
LIBC="default" 
OS_ARCH="x86_64" 
OS_NAME="Windows" 
SOURCE=".:git:f6c01ae40b16+ jcef_git:git:4a605f44671a" 
JCEF_VERSION="137.0.17.1107+ge397b56" 
JCEF_COMMIT_HASH="e397b569415d3c67b114495985454e5201955573" 

Environment Variables:
JAVA_HOME=C:\Program Files\Java\jdk-21
PATH=C:/Program Files/Git/mingw64/libexec/git-core;C:/Program Files/Git/mingw64/libexec/git-core;C:\Program Files\Git\mingw64\bin;C:\Program Files\Git\usr\bin;C:\Users\Quynh Anh\bin;C:\Program Files (x86)\VMware\VMware Workstation\bin\;C:\Program Files\Common Files\Oracle\Java\javapath;C:\WINDOWS\system32;C:\WINDOWS;C:\WINDOWS\System32\Wbem;C:\WINDOWS\System32\WindowsPowerShell\v1.0\;C:\WINDOWS\System32\OpenSSH\;C:\Program Files (x86)\Microsoft SQL Server\160\Tools\Binn\;C:\Program Files\Microsoft SQL Server\160\Tools\Binn\;C:\Program Files\Microsoft SQL Server\Client SDK\ODBC\170\Tools\Binn\;C:\Program Files\Microsoft SQL Server\160\DTS\Binn\;C:\Program Files (x86)\Microsoft SQL Server\160\DTS\Binn\;C:\Program Files\Microsoft SQL Server\150\Tools\Binn\;C:\Program Files\dotnet\;C:\Program Files\Git\cmd;C:\Users\Quynh Anh\AppData\Local\Programs\Python\Launcher\;C:\Users\Quynh Anh\AppData\Local\Microsoft\WindowsApps;C:\Users\Quynh Anh\.dotnet\tools;C:\Users\Quynh Anh\AppData\Local\Programs\Microsoft VS Code\bin;C:\Users\Quynh Anh\OneDrive\??????\flutter_windows_3.41.6-stable\flutter\bin;D:\gradle-9.4.1-bin\gradle-9.4.1\bin;C:\Program Files\Java\jdk-21\bin
USERNAME=Quynh Anh
DISPLAY=:0.0
LC_ALL=en_US.UTF-8
TERM=xterm-256color
TMPDIR=C:\Users\QUYNHA~1\AppData\Local\Temp
OS=Windows_NT
PROCESSOR_IDENTIFIER=Intel64 Family 6 Model 154 Stepping 4, GenuineIntel
TMP=C:\Users\QUYNHA~1\AppData\Local\Temp
TEMP=C:\Users\QUYNHA~1\AppData\Local\Temp




Periodic native trim disabled

JNI global refs:
JNI global refs: 21, weak refs: 0

JNI global refs memory usage: 835, weak refs: 201

Process memory usage:
Resident Set Size: 94452K (0% of 16455236K total physical memory with 2096180K free physical memory)

OOME stack traces (most recent first):
Classloader memory used:
Loader jdk.internal.loader.ClassLoaders$PlatformClassLoader                            : 1928K
Loader bootstrap                                                                       : 1533K
Loader jdk.internal.loader.ClassLoaders$AppClassLoader                                 : 28080B

---------------  S Y S T E M  ---------------

OS:
 Windows 11 , 64 bit Build 26100 (10.0.26100.8246)
OS uptime: 0 days 12:44 hours
Hyper-V role detected

CPU: total 12 (initial active 12) (6 cores per cpu, 2 threads per core) family 6 model 154 stepping 4 microcode 0x432, cx8, cmov, fxsr, ht, mmx, 3dnowpref, sse, sse2, sse3, ssse3, sse4.1, sse4.2, popcnt, lzcnt, tsc, tscinvbit, avx, avx2, aes, erms, clmul, bmi1, bmi2, adx, sha, fma, vzeroupper, clflush, clflushopt, clwb, hv, serialize, rdtscp, rdpid, fsrm, f16c, cet_ibt, cet_ss
Processor Information for processor 0
  Max Mhz: 1300, Current Mhz: 1300, Mhz Limit: 1300
Processor Information for processor 1
  Max Mhz: 1300, Current Mhz: 1300, Mhz Limit: 1300
Processor Information for processor 2
  Max Mhz: 1300, Current Mhz: 1300, Mhz Limit: 1300
Processor Information for processor 3
  Max Mhz: 1300, Current Mhz: 1300, Mhz Limit: 1300
Processor Information for processor 4
  Max Mhz: 1300, Current Mhz: 900, Mhz Limit: 897
Processor Information for processor 5
  Max Mhz: 1300, Current Mhz: 900, Mhz Limit: 897
Processor Information for processor 6
  Max Mhz: 1300, Current Mhz: 900, Mhz Limit: 897
Processor Information for processor 7
  Max Mhz: 1300, Current Mhz: 900, Mhz Limit: 897
Processor Information for processor 8
  Max Mhz: 1300, Current Mhz: 900, Mhz Limit: 897
Processor Information for processor 9
  Max Mhz: 1300, Current Mhz: 900, Mhz Limit: 897
Processor Information for processor 10
  Max Mhz: 1300, Current Mhz: 900, Mhz Limit: 897
Processor Information for processor 11
  Max Mhz: 1300, Current Mhz: 900, Mhz Limit: 897

Memory: 4k page, system-wide physical 16069M (2047M free)
TotalPageFile size 28357M (AvailPageFile size 7M)
current process WorkingSet (physical memory assigned to process): 92M, peak: 93M
current process commit charge ("private bytes"): 376M, peak: 378M

vm_info: OpenJDK 64-Bit Server VM (21.0.10+1-b1163.108) for windows-amd64 JRE (21.0.10+1-b1163.108), built on 2026-02-06 by "builduser" with MS VC++ 16.10 / 16.11 (VS2019)

END.
